C:\Program Files (x86)\Microsoft Visual Studio\2017\Community\Common7\IDE\VC\VCTargets\Microsoft.CppBuild.targets(391,5): warning MSB8028: The intermediate directory (x64\Release\) contains files shared from another project (Project4.vcxproj).  This can lead to incorrect clean and rebuild behavior.
  main.cpp
c:\users\noah\source\repos\ship fighter\project4\player.h(21): warning C4244: 'initializing': conversion from 'int' to 'float', possible loss of data
c:\users\noah\source\repos\ship fighter\project4\player.cpp(4): warning C4244: 'argument': conversion from 'time_t' to 'unsigned int', possible loss of data
c:\users\noah\source\repos\ship fighter\project4\player.cpp(5): warning C4244: '=': conversion from 'int' to 'float', possible loss of data
c:\users\noah\source\repos\ship fighter\project4\player.cpp(6): warning C4244: '=': conversion from 'int' to 'float', possible loss of data
c:\users\noah\source\repos\ship fighter\project4\player.cpp(43): warning C4244: '=': conversion from 'int' to 'float', possible loss of data
c:\users\noah\source\repos\ship fighter\project4\player.cpp(44): warning C4244: '=': conversion from 'int' to 'float', possible loss of data
c:\users\noah\source\repos\ship fighter\project4\player.cpp(45): warning C4244: 'argument': conversion from 'int' to 'float', possible loss of data
c:\users\noah\source\repos\ship fighter\project4\player.cpp(94): warning C4305: 'initializing': truncation from 'double' to 'float'
c:\users\noah\source\repos\ship fighter\project4\player.cpp(166): warning C4553: '==': result of expression not used; did you intend '='?
c:\users\noah\source\repos\ship fighter\project4\enemy.h(12): warning C4244: 'initializing': conversion from 'int' to 'float', possible loss of data
c:\users\noah\source\repos\ship fighter\project4\enemy.cpp(4): warning C4244: 'argument': conversion from 'time_t' to 'unsigned int', possible loss of data
c:\users\noah\source\repos\ship fighter\project4\enemy.cpp(5): warning C4244: '=': conversion from 'int' to 'float', possible loss of data
c:\users\noah\source\repos\ship fighter\project4\enemy.cpp(33): warning C4244: '=': conversion from 'int' to 'float', possible loss of data
c:\users\noah\source\repos\ship fighter\project4\enemy.cpp(34): warning C4244: '=': conversion from 'int' to 'float', possible loss of data
c:\users\noah\source\repos\ship fighter\project4\enemy.cpp(35): warning C4244: 'argument': conversion from 'int' to 'float', possible loss of data
c:\users\noah\source\repos\ship fighter\project4\enemy.cpp(61): warning C4305: 'initializing': truncation from 'double' to 'float'
c:\users\noah\source\repos\ship fighter\project4\wall.cpp(25): warning C4244: 'argument': conversion from 'int' to 'float', possible loss of data
c:\users\noah\source\repos\ship fighter\project4\bullet.cpp(14): warning C4305: 'initializing': truncation from 'double' to 'float'
c:\users\noah\source\repos\ship fighter\project4\crosshair.cpp(14): warning C4244: 'argument': conversion from 'T' to 'float', possible loss of data
          with
          [
              T=int
          ]
c:\users\noah\source\repos\ship fighter\project4\engine.cpp(4): warning C4244: 'argument': conversion from 'time_t' to 'unsigned int', possible loss of data
c:\users\noah\source\repos\ship fighter\project4\engine.cpp(32): warning C4244: '=': conversion from 'int' to 'float', possible loss of data
c:\users\noah\source\repos\ship fighter\project4\engine.cpp(34): warning C4244: 'argument': conversion from 'float' to 'int', possible loss of data
c:\users\noah\source\repos\ship fighter\project4\engine.cpp(55): warning C4244: '=': conversion from 'int' to 'float', possible loss of data
c:\users\noah\source\repos\ship fighter\project4\engine.cpp(57): warning C4244: 'argument': conversion from 'float' to 'int', possible loss of data
c:\users\noah\source\repos\ship fighter\project4\engine.cpp(84): warning C4244: 'argument': conversion from 'float' to 'int', possible loss of data
c:\users\noah\source\repos\ship fighter\project4\engine.cpp(89): warning C4244: 'argument': conversion from 'float' to 'int', possible loss of data
c:\users\noah\source\repos\ship fighter\project4\engine.cpp(94): warning C4244: 'argument': conversion from 'float' to 'int', possible loss of data
c:\users\noah\source\repos\ship fighter\project4\engine.cpp(99): warning C4244: 'argument': conversion from 'float' to 'int', possible loss of data
c:\users\noah\source\repos\ship fighter\project4\engine.cpp(167): warning C4244: 'argument': conversion from 'T' to 'float', possible loss of data
          with
          [
              T=int
          ]
c:\users\noah\source\repos\ship fighter\project4\engine.cpp(193): warning C4244: 'argument': conversion from 'float' to 'int', possible loss of data
c:\users\noah\source\repos\ship fighter\project4\main.cpp(42): warning C4551: function call missing argument list
c:\users\noah\source\repos\ship fighter\project4\main.cpp(62): warning C4390: ';': empty controlled statement found; is this the intent?
  Generating code
  677 of 690 functions (98.1%) were compiled, the rest were copied from previous compilation.
    0 functions were new in current compilation
    0 functions had inline decision re-evaluated but remain unchanged
  Finished generating code
  Project4.vcxproj -> C:\Users\Noah\source\repos\Ship Fighter\x64\Release\Ship Fighter.exe
